[0m23:00:14.727756 [debug] [MainThread]: Sending event: {'category': 'dbt', 'action': 'invocation', 'label': 'start', 'context': [<snowplow_tracker.self_describing_json.SelfDescribingJson object at 0x72e8337301a0>, <snowplow_tracker.self_describing_json.SelfDescribingJson object at 0x72e833e65ca0>, <snowplow_tracker.self_describing_json.SelfDescribingJson object at 0x72e833e65e20>]}


============================== 23:00:14.730996 | 44ff44ac-4c06-4036-aaa0-f00b65c40370 ==============================
[0m23:00:14.730996 [info ] [MainThread]: Running with dbt=1.8.9
[0m23:00:14.731678 [debug] [MainThread]: running dbt with arguments {'printer_width': '80', 'indirect_selection': 'eager', 'log_cache_events': 'False', 'write_json': 'True', 'partial_parse': 'True', 'cache_selected_only': 'False', 'warn_error': 'None', 'version_check': 'True', 'profiles_dir': '/home/jefferson/.dbt', 'log_path': 'logs', 'fail_fast': 'False', 'debug': 'False', 'use_colors': 'True', 'use_experimental_parser': 'False', 'no_print': 'None', 'quiet': 'False', 'empty': 'None', 'log_format': 'default', 'static_parser': 'True', 'warn_error_options': 'WarnErrorOptions(include=[], exclude=[])', 'invocation_command': 'dbt init', 'target_path': 'None', 'introspect': 'True', 'send_anonymous_usage_stats': 'True'}
[0m23:00:22.911872 [debug] [MainThread]: Starter project path: /home/jefferson/miniconda3/lib/python3.12/site-packages/dbt/include/starter_project
[0m23:00:22.914363 [info ] [MainThread]: 
Your new dbt project "dt_pipeline" was created!

For more information on how to configure the profiles.yml file,
please consult the dbt documentation here:

  https://docs.getdbt.com/docs/configure-your-profile

One more thing:

Need help? Don't hesitate to reach out to us via GitHub issues or on Slack:

  https://community.getdbt.com/

Happy modeling!

[0m23:00:22.914830 [info ] [MainThread]: Setting up your profile.
[0m23:03:59.505361 [info ] [MainThread]: Profile dt_pipeline written to /home/jefferson/.dbt/profiles.yml using target's profile_template.yml and your supplied values. Run 'dbt debug' to validate the connection.
[0m23:03:59.507907 [debug] [MainThread]: Resource report: {"command_name": "init", "command_success": true, "command_wall_clock_time": 224.82448, "process_in_blocks": "161248", "process_kernel_time": 0.264001, "process_mem_max_rss": "188268", "process_out_blocks": "80", "process_user_time": 2.178384}
[0m23:03:59.508835 [debug] [MainThread]: Command `dbt init` succeeded at 23:03:59.508470 after 224.83 seconds
[0m23:03:59.510216 [debug] [MainThread]: Sending event: {'category': 'dbt', 'action': 'invocation', 'label': 'end', 'context': [<snowplow_tracker.self_describing_json.SelfDescribingJson object at 0x72e8373bb4d0>, <snowplow_tracker.self_describing_json.SelfDescribingJson object at 0x72e820bcacc0>, <snowplow_tracker.self_describing_json.SelfDescribingJson object at 0x72e82036fb60>]}
[0m23:03:59.511666 [debug] [MainThread]: Flushing usage events
